<?xml version="1.0" encoding="UTF-8"?>
<!-- Generated by org.testng.reporters.JUnitReportReporter -->
<testsuite hostname="Vinod" failures="0" tests="1" name="Testscripts.SampleTest1" time="9.422" errors="0" timestamp="2023-05-25T20:49:43 IST" skipped="0">
  <testcase classname="Testscripts.SampleTest1" name="test" time="9.422"/>
  <system-out/>
</testsuite> <!-- Testscripts.SampleTest1 -->
